<?xml version="1.0" encoding="UTF-8"?>
<robot generator="Robot 4.0 (Python 3.9.2 on darwin)" generated="20210409 11:26:52.669" rpa="false" schemaversion="2">
<suite id="s1" name="Teste" source="/Users/rodrigosimoes/Documents/Projetos/sshrobot/teste.robot">
<kw name="Open Connection And Log In" type="SETUP">
<kw name="Open Connection" library="SSHLibrary">
<arg>${HOST}</arg>
<doc>Opens a new SSH connection to the given ``host`` and ``port``.</doc>
<status status="PASS" starttime="20210409 11:26:52.762" endtime="20210409 11:26:52.763"/>
</kw>
<kw name="Login" library="SSHLibrary">
<arg>${USERNAME}</arg>
<arg>${PASSWORD}</arg>
<doc>Logs into the SSH server with the given ``username`` and ``password``.</doc>
<msg timestamp="20210409 11:26:52.763" level="INFO">Logging into 'localhost:22' as 'test'.</msg>
<msg timestamp="20210409 11:26:52.770" level="FAIL">NoValidConnectionsError: [Errno None] Unable to connect to port 22 on 127.0.0.1 or ::1</msg>
<status status="FAIL" starttime="20210409 11:26:52.763" endtime="20210409 11:26:52.770"/>
</kw>
<status status="FAIL" starttime="20210409 11:26:52.762" endtime="20210409 11:26:52.770"/>
</kw>
<test id="s1-t1" name="Execute Command And Verify Output">
<doc>Execute Command can be used to ran commands on the remote machine.
The keyword returns the standard output by default.</doc>
<status status="FAIL" starttime="20210409 11:26:52.770" endtime="20210409 11:26:52.770">Parent suite setup failed:
NoValidConnectionsError: [Errno None] Unable to connect to port 22 on 127.0.0.1 or ::1</status>
</test>
<test id="s1-t2" name="Execute Command And Verify Return Code">
<doc>Often getting the return code of the command is enough.
This behaviour can be adjusted as Execute Command arguments.</doc>
<status status="FAIL" starttime="20210409 11:26:52.770" endtime="20210409 11:26:52.771">Parent suite setup failed:
NoValidConnectionsError: [Errno None] Unable to connect to port 22 on 127.0.0.1 or ::1</status>
</test>
<test id="s1-t3" name="Executing Commands In An Interactive Session">
<doc>Execute Command always executes the command in a new shell.
This means that changes to the environment are not persisted
between subsequent Execute Command keyword calls.
Write and Read Until variants can be used to operate in the same shell.</doc>
<status status="FAIL" starttime="20210409 11:26:52.771" endtime="20210409 11:26:52.771">Parent suite setup failed:
NoValidConnectionsError: [Errno None] Unable to connect to port 22 on 127.0.0.1 or ::1</status>
</test>
<kw name="Close All Connections" library="SSHLibrary" type="TEARDOWN">
<doc>Closes all open connections.</doc>
<status status="PASS" starttime="20210409 11:26:52.772" endtime="20210409 11:26:52.772"/>
</kw>
<doc>This example demonstrates executing commands on a remote machine
and getting their output and the return code.

Notice how connections are handled as part of the suite setup and
teardown. This saves some time when executing several test cases.</doc>
<status status="FAIL" starttime="20210409 11:26:52.670" endtime="20210409 11:26:52.772">Suite setup failed:
NoValidConnectionsError: [Errno None] Unable to connect to port 22 on 127.0.0.1 or ::1</status>
</suite>
<statistics>
<total>
<stat pass="0" fail="3" skip="0">All Tests</stat>
</total>
<tag>
</tag>
<suite>
<stat pass="0" fail="3" skip="0" id="s1" name="Teste">Teste</stat>
</suite>
</statistics>
<errors>
</errors>
</robot>
